[2025-11-21 11:38:46] INFO: Starting backup of /d/akash
[2025-11-21 11:38:47] SUCCESS: Backup created: backup-2025-11-21-1138.tar.gz
[2025-11-21 11:38:47] INFO: Checksum saved to backup-2025-11-21-1138.tar.gz.sha256
[2025-11-21 11:38:47] SUCCESS: Checksum verification succeeded
[2025-11-21 11:38:47] SUCCESS: Archive test succeeded
[2025-11-21 11:38:47] INFO: Cleaning old backups...
[2025-11-21 11:38:47] INFO: Cleanup finished.
[2025-11-21 11:38:48] INFO: Backup process completed
[2025-11-21 11:38:56] INFO: Starting backup of /d/akash
[2025-11-21 11:38:56] INFO: Would create backup backup-2025-11-21-1138.tar.gz
[2025-11-21 11:38:56] INFO: Would generate checksum for backup-2025-11-21-1138.tar.gz
[2025-11-21 11:38:56] INFO: Cleaning old backups...
[2025-11-21 11:38:56] INFO: Cleanup finished.
[2025-11-21 11:38:56] INFO: Backup process completed
[2025-11-21 11:41:50] INFO: Starting backup of /d/akash
[2025-11-21 11:41:50] INFO: Would create backup backup-2025-11-21-1141.tar.gz
[2025-11-21 11:41:50] INFO: Would generate checksum for backup-2025-11-21-1141.tar.gz
[2025-11-21 11:41:51] INFO: Cleaning old backups...
[2025-11-21 11:41:51] INFO: Cleanup finished.
[2025-11-21 11:41:51] INFO: Backup process completed
[2025-11-21 11:42:41] INFO: Starting backup of /d/akash
[2025-11-21 11:42:41] SUCCESS: Backup created: backup-2025-11-21-1142.tar.gz
[2025-11-21 11:42:41] INFO: Checksum saved to backup-2025-11-21-1142.tar.gz.sha256
[2025-11-21 11:42:41] SUCCESS: Checksum verification succeeded
[2025-11-21 11:42:41] SUCCESS: Archive test succeeded
[2025-11-21 11:42:41] INFO: Cleaning old backups...
[2025-11-21 11:42:41] INFO: Cleanup finished.
[2025-11-21 11:42:41] INFO: Backup process completed
